{"total": {"lines":{"total":105,"covered":100,"skipped":0,"pct":95.23},"statements":{"total":105,"covered":100,"skipped":0,"pct":95.23},"functions":{"total":14,"covered":14,"skipped":0,"pct":100},"branches":{"total":62,"covered":58,"skipped":0,"pct":93.54},"branchesTrue":{"total":0,"covered":0,"skipped":0,"pct":100}}
,"/Users/dmarble/IdeaProjects/simulator/definitions/Faction.js": {"lines":{"total":4,"covered":4,"skipped":0,"pct":100},"functions":{"total":1,"covered":1,"skipped":0,"pct":100},"statements":{"total":4,"covered":4,"skipped":0,"pct":100},"branches":{"total":4,"covered":4,"skipped":0,"pct":100}}
,"/Users/dmarble/IdeaProjects/simulator/definitions/RuleSet.js": {"lines":{"total":27,"covered":27,"skipped":0,"pct":100},"functions":{"total":4,"covered":4,"skipped":0,"pct":100},"statements":{"total":27,"covered":27,"skipped":0,"pct":100},"branches":{"total":20,"covered":20,"skipped":0,"pct":100}}
,"/Users/dmarble/IdeaProjects/simulator/engine/RuleEngine.js": {"lines":{"total":60,"covered":55,"skipped":0,"pct":91.66},"functions":{"total":8,"covered":8,"skipped":0,"pct":100},"statements":{"total":60,"covered":55,"skipped":0,"pct":91.66},"branches":{"total":26,"covered":22,"skipped":0,"pct":84.61}}
,"/Users/dmarble/IdeaProjects/simulator/state/GameState.js": {"lines":{"total":14,"covered":14,"skipped":0,"pct":100},"functions":{"total":1,"covered":1,"skipped":0,"pct":100},"statements":{"total":14,"covered":14,"skipped":0,"pct":100},"branches":{"total":12,"covered":12,"skipped":0,"pct":100}}
}
